<?xml version="1.0" encoding="UTF-8"?>
<!-- Generated by org.testng.reporters.JUnitXMLReporter -->
<testsuite ignored="0" hostname="L-158047677" failures="0" tests="3" name="Default test" time="67.558" errors="0" timestamp="2024-03-27T13:12:05 IST">
  <testcase classname="Testcases.Testcase" name="Test1" time="42.722"/>
  <testcase classname="Testcases.Testcase" name="Test2" time="7.567"/>
  <testcase classname="Testcases.Testcase" name="Test3" time="6.921"/>
</testsuite> <!-- Default test -->
